<?xml version="1.0" encoding="UTF-8"?>
<testng-results skipped="0" failed="0" total="1" passed="1">
  <reporter-output>
  </reporter-output>
  <suite name="Default suite" duration-ms="1024348" started-at="2016-08-04T11:28:26Z" finished-at="2016-08-04T11:45:30Z">
    <groups>
    </groups>
    <test name="Default test" duration-ms="1024348" started-at="2016-08-04T11:28:26Z" finished-at="2016-08-04T11:45:30Z">
      <class name="com.weather.videoads.VideoAds">
        <test-method status="PASS" signature="setUp()[pri:0, instance:com.weather.videoads.VideoAds@1e643faf]" name="setUp" is-config="true" duration-ms="344511" started-at="2016-08-04T16:58:26Z" finished-at="2016-08-04T17:04:10Z">
          <reporter-output>
          </reporter-output>
        </test-method> <!-- setUp -->
        <test-method status="PASS" signature="testAd()[pri:0, instance:com.weather.videoads.VideoAds@1e643faf]" name="testAd" duration-ms="678935" started-at="2016-08-04T17:04:10Z" finished-at="2016-08-04T17:15:29Z">
          <reporter-output>
          </reporter-output>
        </test-method> <!-- testAd -->
        <test-method status="PASS" signature="stop()[pri:0, instance:com.weather.videoads.VideoAds@1e643faf]" name="stop" is-config="true" duration-ms="887" started-at="2016-08-04T17:15:29Z" finished-at="2016-08-04T17:15:30Z">
          <reporter-output>
          </reporter-output>
        </test-method> <!-- stop -->
      </class> <!-- com.weather.videoads.VideoAds -->
    </test> <!-- Default test -->
  </suite> <!-- Default suite -->
</testng-results>
